Watching for file changes with StatReloader
Waiting for apps ready_event.
Apps ready_event triggered. Sending autoreload_started signal.
Watching dir C:\Users\alexz\Coding\Fashionista\home\templates with glob **/*.
Watching dir C:\Users\alexz\Coding\Fashionista\locale with glob **/*.mo.
Watching dir C:\Users\alexz\Coding\Fashionista\home\locale with glob **/*.mo.
Watching dir C:\Users\alexz\Anaconda3\lib\site-packages\livereload\locale with glob **/*.mo.
(0.000) 
            SELECT name, type FROM sqlite_master
            WHERE type in ('table', 'view') AND NOT name='sqlite_sequence'
            ORDER BY name; args=None; alias=default
(0.000) SELECT "django_migrations"."id", "django_migrations"."app", "django_migrations"."name", "django_migrations"."applied" FROM "django_migrations"; args=(); alias=default
File C:\Users\alexz\anaconda3\Lib\email\quoprimime.py first seen with mtime 1670351481.0
File C:\Users\alexz\anaconda3\Lib\site-packages\django\templatetags\static.py first seen with mtime 1691988852.4450107
File C:\Users\alexz\anaconda3\Lib\os.py first seen with mtime 1670351481.0
File C:\Users\alexz\anaconda3\Lib\site-packages\django\contrib\auth\admin.py first seen with mtime 1691988851.070191
File C:\Users\alexz\anaconda3\Lib\site-packages\django\utils\http.py first seen with mtime 1691988852.4670868
File C:\Users\alexz\anaconda3\Lib\asyncio\__init__.py first seen with mtime 1670351481.0
File C:\Users\alexz\anaconda3\Lib\asyncio\transports.py first seen with mtime 1670351481.0
File C:\Users\alexz\anaconda3\Lib\difflib.py first seen with mtime 1670351481.0
File C:\Users\alexz\anaconda3\Lib\site-packages\django\db\migrations\operations\special.py first seen with mtime 1691988852.346873
File C:\Users\alexz\anaconda3\Lib\email\headerregistry.py first seen with mtime 1670351481.0
File C:\Users\alexz\anaconda3\Lib\site-packages\sqlparse\engine\grouping.py first seen with mtime 1691988850.177981
File C:\Users\alexz\anaconda3\Lib\site-packages\django\utils\tree.py first seen with mtime 1691988852.4751923
File C:\Users\alexz\anaconda3\Lib\site-packages\django\contrib\admin\templatetags\log.py first seen with mtime 1691988850.9190595
File C:\Users\alexz\anaconda3\Lib\html\__init__.py first seen with mtime 1670351481.0
File C:\Users\alexz\anaconda3\Lib\site-packages\django\contrib\staticfiles\checks.py first seen with mtime 1691988852.2380908
File C:\Users\alexz\anaconda3\Lib\site-packages\django\utils\inspect.py first seen with mtime 1691988852.4670868
File C:\Users\alexz\anaconda3\Lib\site-packages\django\middleware\csrf.py first seen with mtime 1691988852.4253662
File C:\Users\alexz\anaconda3\Lib\site-packages\django\contrib\sessions\base_session.py first seen with mtime 1691988851.9920013
File C:\Users\alexz\anaconda3\Lib\threading.py first seen with mtime 1670351481.0
File C:\Users\alexz\anaconda3\Lib\site-packages\colorama\ansi.py first seen with mtime 1672387327.0
File C:\Users\alexz\anaconda3\Lib\site-packages\django\utils\cache.py first seen with mtime 1691988852.457559
File C:\Users\alexz\anaconda3\Lib\concurrent\__init__.py first seen with mtime 1670351481.0
File C:\Users\alexz\anaconda3\Lib\site-packages\django\contrib\auth\__init__.py first seen with mtime 1691988851.069149
File C:\Users\alexz\anaconda3\Lib\site-packages\django\contrib\messages\__init__.py first seen with mtime 1691988851.745036
File C:\Users\alexz\anaconda3\Lib\random.py first seen with mtime 1670351481.0
File C:\Users\alexz\anaconda3\DLLs\_decimal.pyd first seen with mtime 1677694802.0
File C:\Users\alexz\anaconda3\Lib\site-packages\django\forms\__init__.py first seen with mtime 1691988852.3723044
File C:\Users\alexz\anaconda3\Lib\email\encoders.py first seen with mtime 1670351481.0
File C:\Users\alexz\anaconda3\Lib\site-packages\django\core\checks\security\csrf.py first seen with mtime 1691988852.2663846
File C:\Users\alexz\anaconda3\Lib\ctypes\_endian.py first seen with mtime 1670351481.0
File C:\Users\alexz\anaconda3\Lib\site-packages\django\utils\hashable.py first seen with mtime 1691988852.4660673
File C:\Users\alexz\anaconda3\Lib\email\feedparser.py first seen with mtime 1670351481.0
File C:\Users\alexz\anaconda3\Lib\subprocess.py first seen with mtime 1670351481.0
File C:\Users\alexz\anaconda3\Lib\site-packages\django\db\models\manager.py first seen with mtime 1691988852.35319
File C:\Users\alexz\anaconda3\Lib\keyword.py first seen with mtime 1670351481.0
File C:\Users\alexz\anaconda3\Lib\email\generator.py first seen with mtime 1670351481.0
File C:\Users\alexz\anaconda3\Lib\email\__init__.py first seen with mtime 1670351481.0
File C:\Users\alexz\anaconda3\Lib\site-packages\django\core\cache\backends\__init__.py first seen with mtime 1691988852.2528286
File C:\Users\alexz\anaconda3\Lib\site-packages\django\db\models\constraints.py first seen with mtime 1691988852.3501704
File C:\Users\alexz\anaconda3\Lib\calendar.py first seen with mtime 1670351481.0
File C:\Users\alexz\anaconda3\Lib\site-packages\django\forms\widgets.py first seen with mtime 1691988852.376285
File C:\Users\alexz\anaconda3\Lib\site-packages\django\db\models\fields\related_lookups.py first seen with mtime 1691988852.3607626
File C:\Users\alexz\Coding\Fashionista\home\models.py first seen with mtime 1693514410.538744
File C:\Users\alexz\anaconda3\Lib\site-packages\django\db\backends\sqlite3\_functions.py first seen with mtime 1691988852.3308275
File C:\Users\alexz\anaconda3\Lib\warnings.py first seen with mtime 1670351481.0
File C:\Users\alexz\anaconda3\Lib\site-packages\django\db\models\expressions.py first seen with mtime 1691988852.351189
File C:\Users\alexz\anaconda3\Lib\site-packages\django\core\checks\files.py first seen with mtime 1691988852.2603736
File C:\Users\alexz\anaconda3\Lib\site-packages\django\utils\_os.py first seen with mtime 1691988852.455581
File C:\Users\alexz\anaconda3\Lib\site-packages\livereload\templatetags\livereload_tags.py first seen with mtime 1692759716.424395
File C:\Users\alexz\anaconda3\Lib\site-packages\django\views\generic\detail.py first seen with mtime 1691988852.488768
File C:\Users\alexz\anaconda3\Lib\site-packages\sqlparse\cli.py first seen with mtime 1691988850.1719806
File C:\Users\alexz\anaconda3\Lib\wsgiref\util.py first seen with mtime 1670351481.0
File C:\Users\alexz\anaconda3\Lib\site-packages\django\conf\urls\static.py first seen with mtime 1691988850.5487714
File C:\Users\alexz\anaconda3\Lib\site-packages\django\db\models\fields\mixins.py first seen with mtime 1691988852.358189
File C:\Users\alexz\anaconda3\Lib\asyncio\protocols.py first seen with mtime 1670351481.0
File C:\Users\alexz\anaconda3\Lib\selectors.py first seen with mtime 1670351481.0
File C:\Users\alexz\Coding\Fashionista\home\urls.py first seen with mtime 1693341709.0661685
File C:\Users\alexz\anaconda3\Lib\quopri.py first seen with mtime 1670351481.0
File C:\Users\alexz\anaconda3\Lib\email\mime\text.py first seen with mtime 1670351481.0
File C:\Users\alexz\anaconda3\Lib\site-packages\django\db\models\functions\datetime.py first seen with mtime 1691988852.3627641
File C:\Users\alexz\anaconda3\Lib\html\entities.py first seen with mtime 1670351481.0
File C:\Users\alexz\anaconda3\Lib\multiprocessing\__init__.py first seen with mtime 1670351481.0
File C:\Users\alexz\anaconda3\Lib\numbers.py first seen with mtime 1670351481.0
File C:\Users\alexz\anaconda3\Lib\site-packages\django\urls\utils.py first seen with mtime 1691988852.454559
File C:\Users\alexz\anaconda3\Lib\site-packages\django\core\__init__.py first seen with mtime 1691988852.247318
File C:\Users\alexz\anaconda3\Lib\site-packages\django\utils\dates.py first seen with mtime 1691988852.461095
File C:\Users\alexz\anaconda3\Lib\site-packages\django\core\paginator.py first seen with mtime 1691988852.2498283
File C:\Users\alexz\anaconda3\Lib\site-packages\asgiref\sync.py first seen with mtime 1691988850.2520223
File C:\Users\alexz\anaconda3\Lib\email\mime\message.py first seen with mtime 1670351481.0
File C:\Users\alexz\anaconda3\Lib\site-packages\django\core\management\base.py first seen with mtime 1691988852.2825046
File C:\Users\alexz\anaconda3\Lib\fractions.py first seen with mtime 1670351481.0
File C:\Users\alexz\anaconda3\Lib\site-packages\django\db\models\functions\comparison.py first seen with mtime 1691988852.3617437
File C:\Users\alexz\anaconda3\Lib\site-packages\django\db\models\sql\where.py first seen with mtime 1691988852.3702855
File C:\Users\alexz\anaconda3\Lib\site-packages\django\views\generic\__init__.py first seen with mtime 1691988852.4867682
File C:\Users\alexz\anaconda3\Lib\concurrent\futures\__init__.py first seen with mtime 1670351481.0
File C:\Users\alexz\anaconda3\Lib\asyncio\base_events.py first seen with mtime 1670351481.0
File C:\Users\alexz\anaconda3\Lib\site-packages\django\utils\lorem_ipsum.py first seen with mtime 1691988852.4701724
File C:\Users\alexz\anaconda3\Lib\site-packages\django\contrib\admin\views\main.py first seen with mtime 1691988850.9210596
File C:\Users\alexz\anaconda3\Lib\site-packages\django\core\checks\async_checks.py first seen with mtime 1691988852.2588284
File C:\Users\alexz\anaconda3\Lib\site-packages\django\views\debug.py first seen with mtime 1691988852.4797347
File C:\Users\alexz\anaconda3\Lib\site-packages\django\template\context.py first seen with mtime 1691988852.4288762
File C:\Users\alexz\anaconda3\DLLs\_asyncio.pyd first seen with mtime 1677694790.0
File C:\Users\alexz\anaconda3\Lib\site-packages\django\core\checks\registry.py first seen with mtime 1691988852.2623947
File C:\Users\alexz\anaconda3\Lib\site-packages\django\http\response.py first seen with mtime 1691988852.423368
File C:\Users\alexz\anaconda3\Lib\site-packages\django\contrib\sessions\apps.py first seen with mtime 1691988851.9910061
File C:\Users\alexz\anaconda3\Lib\site-packages\django\contrib\staticfiles\handlers.py first seen with mtime 1691988852.2390926
File C:\Users\alexz\anaconda3\Lib\site-packages\django\template\loaders\base.py first seen with mtime 1691988852.4400184
File C:\Users\alexz\anaconda3\Lib\urllib\error.py first seen with mtime 1670351481.0
File C:\Users\alexz\anaconda3\Lib\traceback.py first seen with mtime 1670351481.0
File C:\Users\alexz\anaconda3\Lib\site-packages\django\core\signing.py first seen with mtime 1691988852.250875
File C:\Users\alexz\anaconda3\Lib\nturl2path.py first seen with mtime 1670351481.0
File C:\Users\alexz\anaconda3\DLLs\_socket.pyd first seen with mtime 1677694807.0
File C:\Users\alexz\anaconda3\Lib\logging\config.py first seen with mtime 1670351481.0
File C:\Users\alexz\Coding\Fashionista\fashionista\settings.py first seen with mtime 1693714444.7785654
File C:\Users\alexz\anaconda3\Lib\site-packages\sqlparse\filters\output.py first seen with mtime 1691988850.180533
File C:\Users\alexz\anaconda3\Lib\site-packages\django\core\handlers\base.py first seen with mtime 1691988852.2759109
File C:\Users\alexz\anaconda3\Lib\site-packages\django\db\backends\base\features.py first seen with mtime 1691988852.311122
File C:\Users\alexz\anaconda3\Lib\site-packages\sqlparse\tokens.py first seen with mtime 1691988850.1759896
File C:\Users\alexz\anaconda3\Lib\site-packages\django\db\models\base.py first seen with mtime 1691988852.3478916
File C:\Users\alexz\anaconda3\Lib\ctypes\__init__.py first seen with mtime 1670351481.0
File C:\Users\alexz\anaconda3\Lib\site-packages\django\shortcuts.py first seen with mtime 1691988850.3228693
File C:\Users\alexz\anaconda3\Lib\asyncio\futures.py first seen with mtime 1670351481.0
File C:\Users\alexz\anaconda3\Lib\site-packages\django\core\handlers\__init__.py first seen with mtime 1691988852.2749305
File C:\Users\alexz\anaconda3\Lib\site-packages\django\contrib\auth\models.py first seen with mtime 1691988851.076191
File C:\Users\alexz\anaconda3\Lib\hashlib.py first seen with mtime 1670351481.0
File C:\Users\alexz\anaconda3\Lib\reprlib.py first seen with mtime 1670351481.0
File C:\Users\alexz\anaconda3\Lib\wsgiref\headers.py first seen with mtime 1670351481.0
File C:\Users\alexz\anaconda3\Lib\site-packages\django\contrib\contenttypes\__init__.py first seen with mtime 1691988851.2111034
File C:\Users\alexz\anaconda3\Lib\site-packages\django\forms\models.py first seen with mtime 1691988852.375304
File C:\Users\alexz\anaconda3\Lib\site-packages\django\core\files\storage\handler.py first seen with mtime 1691988852.27293
File C:\Users\alexz\anaconda3\Lib\site-packages\django\db\models\fields\reverse_related.py first seen with mtime 1691988852.3607626
File C:\Users\alexz\anaconda3\Lib\site-packages\django\views\decorators\common.py first seen with mtime 1691988852.482766
File C:\Users\alexz\anaconda3\Lib\site-packages\django\contrib\auth\tokens.py first seen with mtime 1691988851.0781698
File C:\Users\alexz\anaconda3\Lib\asyncio\proactor_events.py first seen with mtime 1670351481.0
File C:\Users\alexz\anaconda3\Lib\site-packages\django\db\backends\utils.py first seen with mtime 1691988852.3090973
File C:\Users\alexz\anaconda3\Lib\site-packages\django\utils\functional.py first seen with mtime 1691988852.4660673
File C:\Users\alexz\anaconda3\Lib\concurrent\futures\_base.py first seen with mtime 1670351481.0
File C:\Users\alexz\anaconda3\Lib\site-packages\PIL\__init__.py first seen with mtime 1672618652.0
File C:\Users\alexz\anaconda3\Lib\signal.py first seen with mtime 1670351481.0
File C:\Users\alexz\anaconda3\Lib\site-packages\django\contrib\sites\__init__.py first seen with mtime 1691988852.1103632
File C:\Users\alexz\anaconda3\Lib\site-packages\django\contrib\admin\__init__.py first seen with mtime 1691988850.5503213
File C:\Users\alexz\anaconda3\Lib\site-packages\django\core\checks\messages.py first seen with mtime 1691988852.2613747
File C:\Users\alexz\anaconda3\Lib\site-packages\zope\__init__.py first seen with mtime 1610124826.0
File C:\Users\alexz\anaconda3\DLLs\_sqlite3.pyd first seen with mtime 1677694809.0
File C:\Users\alexz\anaconda3\Lib\site-packages\django\utils\connection.py first seen with mtime 1691988852.4590628
File C:\Users\alexz\Coding\Fashionista\home\admin.py first seen with mtime 1693188351.7522657
File C:\Users\alexz\anaconda3\Lib\dis.py first seen with mtime 1670351481.0
File C:\Users\alexz\anaconda3\Lib\site-packages\django\utils\log.py first seen with mtime 1691988852.4691796
File C:\Users\alexz\anaconda3\Lib\pkgutil.py first seen with mtime 1670351481.0
File C:\Users\alexz\anaconda3\Lib\site-packages\django\db\backends\base\client.py first seen with mtime 1691988852.311122
File C:\Users\alexz\anaconda3\Lib\site-packages\django\contrib\auth\apps.py first seen with mtime 1691988851.070191
File C:\Users\alexz\anaconda3\Lib\site-packages\django\contrib\messages\apps.py first seen with mtime 1691988851.7460358
File C:\Users\alexz\anaconda3\Lib\typing.py first seen with mtime 1670351481.0
File C:\Users\alexz\anaconda3\Lib\site-packages\django\utils\timesince.py first seen with mtime 1691988852.473192
File C:\Users\alexz\anaconda3\Lib\site-packages\django\contrib\admin\widgets.py first seen with mtime 1691988850.5588598
File C:\Users\alexz\anaconda3\Lib\site-packages\django\urls\conf.py first seen with mtime 1691988852.4525635
File C:\Users\alexz\anaconda3\Lib\site-packages\django\views\__init__.py first seen with mtime 1691988852.479194
File C:\Users\alexz\anaconda3\Lib\site-packages\django\contrib\staticfiles\management\commands\__init__.py first seen with mtime 1691988852.2443185
File C:\Users\alexz\anaconda3\Lib\site-packages\django\contrib\staticfiles\utils.py first seen with mtime 1691988852.242319
File C:\Users\alexz\anaconda3\Lib\enum.py first seen with mtime 1670351481.0
File C:\Users\alexz\anaconda3\Lib\sre_compile.py first seen with mtime 1670351481.0
File C:\Users\alexz\anaconda3\Lib\site-packages\django\db\backends\sqlite3\features.py first seen with mtime 1691988852.3328314
File C:\Users\alexz\anaconda3\Lib\site-packages\django\contrib\admin\templatetags\admin_urls.py first seen with mtime 1691988850.9190056
File C:\Users\alexz\anaconda3\Lib\site-packages\django\urls\base.py first seen with mtime 1691988852.4515781
File C:\Users\alexz\anaconda3\Lib\asyncio\exceptions.py first seen with mtime 1670351481.0
File C:\Users\alexz\anaconda3\Lib\site-packages\django\utils\ipv6.py first seen with mtime 1691988852.468087
File C:\Users\alexz\anaconda3\Lib\site-packages\django\template\library.py first seen with mtime 1691988852.4319005
File C:\Users\alexz\anaconda3\Lib\site-packages\sqlparse\exceptions.py first seen with mtime 1691988850.1719806
File C:\Users\alexz\anaconda3\Lib\site-packages\django\urls\__init__.py first seen with mtime 1691988852.4515781
File C:\Users\alexz\anaconda3\Lib\site-packages\livereload\management\__init__.py first seen with mtime 1692759716.4222605
File C:\Users\alexz\anaconda3\Lib\base64.py first seen with mtime 1670351481.0
File C:\Users\alexz\anaconda3\Lib\site-packages\sqlparse\utils.py first seen with mtime 1691988850.1759896
File C:\Users\alexz\anaconda3\Lib\site-packages\django\dispatch\__init__.py first seen with mtime 1691988852.3702855
File C:\Users\alexz\Coding\Fashionista\home\forms.py first seen with mtime 1693641150.2730193
File C:\Users\alexz\anaconda3\Lib\email\mime\base.py first seen with mtime 1670351481.0
File C:\Users\alexz\anaconda3\Lib\site-packages\django\core\checks\security\sessions.py first seen with mtime 1691988852.2663846
File C:\Users\alexz\anaconda3\Lib\site-packages\django\contrib\admin\templatetags\admin_list.py first seen with mtime 1691988850.9174714
File C:\Users\alexz\anaconda3\Lib\urllib\__init__.py first seen with mtime 1670351481.0
File C:\Users\alexz\anaconda3\Lib\multiprocessing\context.py first seen with mtime 1670351481.0
File C:\Users\alexz\anaconda3\Lib\site-packages\django\core\mail\message.py first seen with mtime 1691988852.2779405
File C:\Users\alexz\anaconda3\Lib\site-packages\django\contrib\contenttypes\fields.py first seen with mtime 1691988851.212104
File C:\Users\alexz\anaconda3\Lib\site-packages\django\core\management\commands\runserver.py first seen with mtime 1691988852.294037
File C:\Users\alexz\anaconda3\Lib\site-packages\django\db\models\fields\proxy.py first seen with mtime 1691988852.358189
File C:\Users\alexz\anaconda3\Lib\site-packages\django\db\models\fields\related.py first seen with mtime 1691988852.3591893
File C:\Users\alexz\anaconda3\Lib\encodings\utf_8.py first seen with mtime 1670351481.0
File C:\Users\alexz\anaconda3\Lib\site-packages\django\__init__.py first seen with mtime 1691988850.321869
File C:\Users\alexz\anaconda3\Lib\site-packages\django\core\serializers\python.py first seen with mtime 1691988852.3026102
File C:\Users\alexz\Coding\Fashionista\home\views.py first seen with mtime 1693641150.0854537
File C:\Users\alexz\anaconda3\Lib\site-packages\django\core\mail\utils.py first seen with mtime 1691988852.2779405
File C:\Users\alexz\anaconda3\Lib\site-packages\sqlparse\engine\filter_stack.py first seen with mtime 1691988850.1769607
File C:\Users\alexz\anaconda3\Lib\importlib\_abc.py first seen with mtime 1670351481.0
File C:\Users\alexz\anaconda3\Lib\site-packages\django\db\utils.py first seen with mtime 1691988852.307593
File C:\Users\alexz\anaconda3\Lib\site-packages\django\contrib\sites\requests.py first seen with mtime 1691988852.1133416
File C:\Users\alexz\anaconda3\Lib\types.py first seen with mtime 1670351481.0
File C:\Users\alexz\anaconda3\Lib\site-packages\django\views\generic\dates.py first seen with mtime 1691988852.4877675
File C:\Users\alexz\anaconda3\Lib\site-packages\django\db\models\signals.py first seen with mtime 1691988852.3551881
File C:\Users\alexz\anaconda3\Lib\site-packages\django\views\decorators\debug.py first seen with mtime 1691988852.4847758
File C:\Users\alexz\anaconda3\Lib\email\iterators.py first seen with mtime 1670351481.0
File C:\Users\alexz\anaconda3\Lib\site-packages\django\db\models\indexes.py first seen with mtime 1691988852.3521814
File C:\Users\alexz\anaconda3\Lib\site-packages\django\template\defaultfilters.py first seen with mtime 1691988852.4299011
File C:\Users\alexz\anaconda3\Lib\site-packages\django\contrib\contenttypes\models.py first seen with mtime 1691988851.2141373
File C:\Users\alexz\anaconda3\Lib\site-packages\django\contrib\admin\options.py first seen with mtime 1691988850.5563226
File C:\Users\alexz\anaconda3\Lib\site-packages\django\core\files\move.py first seen with mtime 1691988852.2688968
File C:\Users\alexz\anaconda3\Lib\site-packages\django\db\models\fields\files.py first seen with mtime 1691988852.357169
File C:\Users\alexz\anaconda3\Lib\site-packages\django\db\models\fields\related_descriptors.py first seen with mtime 1691988852.3597307
File C:\Users\alexz\anaconda3\Lib\site-packages\django\templatetags\cache.py first seen with mtime 1691988852.4440114
File C:\Users\alexz\Coding\Fashionista\manage.py first seen with mtime 1691988883.0952516
File C:\Users\alexz\anaconda3\Lib\site-packages\django\core\serializers\base.py first seen with mtime 1691988852.3015914
File C:\Users\alexz\anaconda3\Lib\site-packages\sqlparse\engine\__init__.py first seen with mtime 1691988850.1769607
File C:\Users\alexz\anaconda3\Lib\site-packages\sqlparse\filters\__init__.py first seen with mtime 1691988850.1789813
File C:\Users\alexz\anaconda3\Lib\asyncio\threads.py first seen with mtime 1670351481.0
File C:\Users\alexz\anaconda3\Lib\site-packages\_distutils_hack\__init__.py first seen with mtime 1669270133.0
File C:\Users\alexz\anaconda3\Lib\email\_encoded_words.py first seen with mtime 1670351481.0
File C:\Users\alexz\anaconda3\Lib\ssl.py first seen with mtime 1670351481.0
File C:\Users\alexz\anaconda3\Lib\site-packages\django\db\migrations\__init__.py first seen with mtime 1691988852.3353593
File C:\Users\alexz\anaconda3\Lib\site-packages\PIL\Image.py first seen with mtime 1672618652.0
File C:\Users\alexz\anaconda3\Lib\zoneinfo\_tzpath.py first seen with mtime 1670351481.0
File C:\Users\alexz\anaconda3\Lib\encodings\aliases.py first seen with mtime 1670351481.0
File C:\Users\alexz\anaconda3\Lib\site-packages\django\db\models\aggregates.py first seen with mtime 1691988852.3478916
File C:\Users\alexz\anaconda3\Lib\collections\__init__.py first seen with mtime 1670351481.0
File C:\Users\alexz\anaconda3\Lib\argparse.py first seen with mtime 1670351481.0
File C:\Users\alexz\anaconda3\Lib\site-packages\django\utils\itercompat.py first seen with mtime 1691988852.4691796
File C:\Users\alexz\anaconda3\Lib\site-packages\django\contrib\admin\models.py first seen with mtime 1691988850.5553427
File C:\Users\alexz\anaconda3\Lib\asyncio\windows_events.py first seen with mtime 1670351481.0
File C:\Users\alexz\anaconda3\Lib\site-packages\django\utils\dateformat.py first seen with mtime 1691988852.460081
File C:\Users\alexz\anaconda3\Lib\site-packages\sqlparse\filters\others.py first seen with mtime 1691988850.179523
File C:\Users\alexz\anaconda3\Lib\site-packages\django\db\migrations\state.py first seen with mtime 1691988852.3428962
File C:\Users\alexz\anaconda3\Lib\_collections_abc.py first seen with mtime 1670351481.0
File C:\Users\alexz\anaconda3\Lib\email\header.py first seen with mtime 1670351481.0
File C:\Users\alexz\anaconda3\Lib\linecache.py first seen with mtime 1670351481.0
File C:\Users\alexz\anaconda3\Lib\site-packages\django\utils\deprecation.py first seen with mtime 1691988852.463092
File C:\Users\alexz\anaconda3\Lib\site-packages\django\utils\decorators.py first seen with mtime 1691988852.463092
File C:\Users\alexz\anaconda3\Lib\site-packages\django\db\models\utils.py first seen with mtime 1691988852.3561697
File C:\Users\alexz\anaconda3\Lib\tempfile.py first seen with mtime 1670351481.0
File C:\Users\alexz\anaconda3\Lib\site-packages\django\contrib\auth\forms.py first seen with mtime 1691988851.0741913
File C:\Users\alexz\anaconda3\Lib\site-packages\django\contrib\contenttypes\apps.py first seen with mtime 1691988851.212104
File C:\Users\alexz\anaconda3\Lib\site-packages\django\http\request.py first seen with mtime 1691988852.4223485
File C:\Users\alexz\anaconda3\Lib\site-packages\django\dispatch\dispatcher.py first seen with mtime 1691988852.3713036
File C:\Users\alexz\anaconda3\Lib\site-packages\django\forms\forms.py first seen with mtime 1691988852.3733053
File C:\Users\alexz\anaconda3\Lib\pickle.py first seen with mtime 1670351481.0
File C:\Users\alexz\anaconda3\Lib\asyncio\trsock.py first seen with mtime 1670351481.0
File C:\Users\alexz\anaconda3\Lib\wsgiref\simple_server.py first seen with mtime 1670351481.0
File C:\Users\alexz\anaconda3\Lib\site-packages\django\contrib\staticfiles\__init__.py first seen with mtime 1691988852.236089
File C:\Users\alexz\anaconda3\Lib\site-packages\django\views\generic\list.py first seen with mtime 1691988852.4899242
File C:\Users\alexz\anaconda3\Lib\site-packages\django\template\engine.py first seen with mtime 1691988852.4319005
File C:\Users\alexz\anaconda3\Lib\site-packages\livereload\templatetags\__init__.py first seen with mtime 1692759716.424395
File C:\Users\alexz\anaconda3\Lib\site-packages\django\db\models\lookups.py first seen with mtime 1691988852.3521814
File C:\Users\alexz\anaconda3\Lib\site-packages\django\contrib\auth\checks.py first seen with mtime 1691988851.072189
File C:\Users\alexz\anaconda3\Lib\uuid.py first seen with mtime 1670351481.0
File C:\Users\alexz\anaconda3\Lib\site-packages\django\core\files\utils.py first seen with mtime 1691988852.2709117
File C:\Users\alexz\anaconda3\Lib\site-packages\asgiref\current_thread_executor.py first seen with mtime 1691988850.2500224
File C:\Users\alexz\anaconda3\Lib\site-packages\django\contrib\admin\apps.py first seen with mtime 1691988850.5513465
File C:\Users\alexz\anaconda3\Lib\site-packages\django\contrib\staticfiles\finders.py first seen with mtime 1691988852.2390926
File C:\Users\alexz\anaconda3\Lib\logging\__init__.py first seen with mtime 1688150204.5797393
File C:\Users\alexz\anaconda3\Lib\site-packages\django\utils\dateparse.py first seen with mtime 1691988852.461095
File C:\Users\alexz\anaconda3\Lib\site-packages\django\core\files\temp.py first seen with mtime 1691988852.2688968
File C:\Users\alexz\anaconda3\DLLs\_uuid.pyd first seen with mtime 1677694804.0
File C:\Users\alexz\anaconda3\Lib\_sitebuiltins.py first seen with mtime 1670351481.0
File C:\Users\alexz\anaconda3\Lib\site-packages\django\contrib\messages\storage\base.py first seen with mtime 1691988851.749056
File C:\Users\alexz\anaconda3\Lib\site-packages\django\db\migrations\operations\base.py first seen with mtime 1691988852.3448975
File C:\Users\alexz\anaconda3\Lib\email\mime\multipart.py first seen with mtime 1670351481.0
File C:\Users\alexz\anaconda3\Lib\email\errors.py first seen with mtime 1670351481.0
File C:\Users\alexz\anaconda3\Lib\site-packages\django\utils\html.py first seen with mtime 1691988852.4670868
File C:\Users\alexz\anaconda3\Lib\struct.py first seen with mtime 1670351481.0
File C:\Users\alexz\anaconda3\Lib\site-packages\django\db\backends\ddl_references.py first seen with mtime 1691988852.307593
File C:\Users\alexz\anaconda3\Lib\contextlib.py first seen with mtime 1670351481.0
File C:\Users\alexz\anaconda3\Lib\site-packages\django\core\cache\__init__.py first seen with mtime 1691988852.2518697
File C:\Users\alexz\anaconda3\Lib\site-packages\django\contrib\admin\templatetags\base.py first seen with mtime 1691988850.9190595
File C:\Users\alexz\anaconda3\Lib\site-packages\django\db\models\sql\query.py first seen with mtime 1691988852.3693943
File C:\Users\alexz\anaconda3\Lib\site-packages\django\db\backends\base\validation.py first seen with mtime 1691988852.3141022
File C:\Users\alexz\anaconda3\Lib\dataclasses.py first seen with mtime 1670351481.0
File C:\Users\alexz\anaconda3\Lib\site-packages\django\utils\asyncio.py first seen with mtime 1691988852.4565873
File C:\Users\alexz\anaconda3\Lib\mimetypes.py first seen with mtime 1670351481.0
File C:\Users\alexz\anaconda3\Lib\site-packages\django\apps\config.py first seen with mtime 1691988850.3248684
File C:\Users\alexz\anaconda3\Lib\site-packages\django\contrib\__init__.py first seen with mtime 1691988850.5493083
File C:\Users\alexz\anaconda3\Lib\site-packages\django\contrib\admin\exceptions.py first seen with mtime 1691988850.5533438
File C:\Users\alexz\anaconda3\Lib\site-packages\django\template\loaders\filesystem.py first seen with mtime 1691988852.4420133
File C:\Users\alexz\Coding\Fashionista\home\apps.py first seen with mtime 1692070102.7717307
File C:\Users\alexz\anaconda3\Lib\json\__init__.py first seen with mtime 1670351481.0
File C:\Users\alexz\anaconda3\Lib\site-packages\django\contrib\admin\filters.py first seen with mtime 1691988850.5543416
File C:\Users\alexz\anaconda3\Lib\site-packages\django\core\checks\templates.py first seen with mtime 1691988852.2623947
File C:\Users\alexz\anaconda3\Lib\email\_header_value_parser.py first seen with mtime 1670351481.0
File C:\Users\alexz\anaconda3\Lib\email\_policybase.py first seen with mtime 1670351481.0
File C:\Users\alexz\anaconda3\Lib\site-packages\django\core\serializers\json.py first seen with mtime 1691988852.3015914
File C:\Users\alexz\anaconda3\Lib\_weakrefset.py first seen with mtime 1670351481.0
File C:\Users\alexz\anaconda3\Lib\site-packages\django\core\checks\urls.py first seen with mtime 1691988852.2633934
File C:\Users\alexz\anaconda3\Lib\site-packages\django\db\backends\signals.py first seen with mtime 1691988852.3090973
File C:\Users\alexz\anaconda3\Lib\ntpath.py first seen with mtime 1670351481.0
File C:\Users\alexz\anaconda3\Lib\site-packages\django\db\models\constants.py first seen with mtime 1691988852.3488922
File C:\Users\alexz\anaconda3\Lib\optparse.py first seen with mtime 1670351481.0
File C:\Users\alexz\anaconda3\Lib\site-packages\django\core\files\images.py first seen with mtime 1691988852.2673736
File C:\Users\alexz\anaconda3\Lib\site-packages\django\forms\fields.py first seen with mtime 1691988852.3733053
File C:\Users\alexz\anaconda3\Lib\tokenize.py first seen with mtime 1670351481.0
File C:\Users\alexz\anaconda3\Lib\site-packages\colorama\winterm.py first seen with mtime 1672387327.0
File C:\Users\alexz\anaconda3\Lib\site-packages\django\contrib\auth\decorators.py first seen with mtime 1691988851.0741913
File C:\Users\alexz\anaconda3\Lib\site-packages\django\core\management\__init__.py first seen with mtime 1691988852.281497
File C:\Users\alexz\anaconda3\Lib\site-packages\django\template\response.py first seen with mtime 1691988852.4329004
File C:\Users\alexz\anaconda3\Lib\posixpath.py first seen with mtime 1670351481.0
File C:\Users\alexz\anaconda3\Lib\site-packages\django\utils\text.py first seen with mtime 1691988852.473192
File C:\Users\alexz\anaconda3\Lib\site-packages\django\contrib\contenttypes\admin.py first seen with mtime 1691988851.2111034
File C:\Users\alexz\anaconda3\Lib\site-packages\sqlparse\formatter.py first seen with mtime 1691988850.1729808
File C:\Users\alexz\anaconda3\Lib\site-packages\django\contrib\auth\validators.py first seen with mtime 1691988851.0792608
File C:\Users\alexz\anaconda3\Lib\site-packages\django\template\loaders\cached.py first seen with mtime 1691988852.4400184
File C:\Users\alexz\anaconda3\Lib\site-packages\django\db\models\functions\text.py first seen with mtime 1691988852.3647635
File C:\Users\alexz\anaconda3\Lib\asyncio\base_tasks.py first seen with mtime 1670351481.0
File C:\Users\alexz\anaconda3\Lib\site-packages\sqlparse\filters\tokens.py first seen with mtime 1691988850.1825528
File C:\Users\alexz\anaconda3\Lib\site-packages\django\conf\global_settings.py first seen with mtime 1691988850.3258495
File C:\Users\alexz\anaconda3\Lib\site-packages\django\contrib\auth\base_user.py first seen with mtime 1691988851.0711699
File C:\Users\alexz\anaconda3\Lib\site-packages\django\db\models\functions\math.py first seen with mtime 1691988852.3627641
File C:\Users\alexz\anaconda3\Lib\ipaddress.py first seen with mtime 1670351481.0
File C:\Users\alexz\anaconda3\Lib\site-packages\django\template\loaders\__init__.py first seen with mtime 1691988852.4389775
File C:\Users\alexz\anaconda3\Lib\site-packages\django\db\models\functions\window.py first seen with mtime 1691988852.3647635
File C:\Users\alexz\anaconda3\Lib\site-packages\django\views\decorators\cache.py first seen with mtime 1691988852.4817667
File C:\Users\alexz\anaconda3\Lib\site-packages\django\core\files\storage\base.py first seen with mtime 1691988852.271911
File C:\Users\alexz\anaconda3\Lib\bz2.py first seen with mtime 1670351481.0
File C:\Users\alexz\anaconda3\Lib\site-packages\django\core\checks\database.py first seen with mtime 1691988852.2593675
File C:\Users\alexz\anaconda3\Lib\site-packages\django\urls\converters.py first seen with mtime 1691988852.4525635
File C:\Users\alexz\anaconda3\Lib\site-packages\django\urls\resolvers.py first seen with mtime 1691988852.4535806
File C:\Users\alexz\anaconda3\Lib\site-packages\django\db\models\__init__.py first seen with mtime 1691988852.346873
File C:\Users\alexz\anaconda3\Lib\zoneinfo\_common.py first seen with mtime 1670351481.0
File C:\Users\alexz\anaconda3\Lib\pathlib.py first seen with mtime 1670351481.0
File C:\Users\alexz\anaconda3\Lib\copy.py first seen with mtime 1670351481.0
File C:\Users\alexz\anaconda3\Lib\site-packages\django\contrib\contenttypes\forms.py first seen with mtime 1691988851.2131245
File C:\Users\alexz\anaconda3\Lib\inspect.py first seen with mtime 1670351481.0
File C:\Users\alexz\anaconda3\Lib\site-packages\livereload\__init__.py first seen with mtime 1692759716.418579
File C:\Users\alexz\anaconda3\Lib\site-packages\django\contrib\auth\management\__init__.py first seen with mtime 1691988851.2017903
File C:\Users\alexz\anaconda3\Lib\site-packages\django\core\files\base.py first seen with mtime 1691988852.2673736
File C:\Users\alexz\anaconda3\Lib\gzip.py first seen with mtime 1670351481.0
File C:\Users\alexz\anaconda3\Lib\sqlite3\dbapi2.py first seen with mtime 1670351481.0
File C:\Users\alexz\anaconda3\Lib\shutil.py first seen with mtime 1670351481.0
File C:\Users\alexz\anaconda3\Lib\site-packages\django\template\defaulttags.py first seen with mtime 1691988852.4309025
File C:\Users\alexz\anaconda3\Lib\gettext.py first seen with mtime 1670351481.0
File C:\Users\alexz\anaconda3\Lib\site-packages\django\contrib\contenttypes\checks.py first seen with mtime 1691988851.212104
File C:\Users\alexz\anaconda3\Lib\site-packages\django\contrib\auth\signals.py first seen with mtime 1691988851.0771706
File C:\Users\alexz\anaconda3\Lib\site-packages\django\template\exceptions.py first seen with mtime 1691988852.4319005
File C:\Users\alexz\anaconda3\Lib\site-packages\django\contrib\contenttypes\views.py first seen with mtime 1691988851.2141373
File C:\Users\alexz\anaconda3\Lib\site-packages\django\utils\crypto.py first seen with mtime 1691988852.4590628
File C:\Users\alexz\anaconda3\DLLs\_ctypes.pyd first seen with mtime 1677694810.0
File C:\Users\alexz\anaconda3\Lib\site-packages\django\core\handlers\exception.py first seen with mtime 1691988852.2759109
File C:\Users\alexz\anaconda3\Lib\site-packages\django\core\checks\security\base.py first seen with mtime 1691988852.2653794
File C:\Users\alexz\anaconda3\Lib\site-packages\django\views\defaults.py first seen with mtime 1691988852.4807663
File C:\Users\alexz\anaconda3\DLLs\_hashlib.pyd first seen with mtime 1677694807.0
File C:\Users\alexz\anaconda3\Lib\decimal.py first seen with mtime 1670351481.0
File C:\Users\alexz\anaconda3\Lib\site-packages\django\apps\registry.py first seen with mtime 1691988850.3248684
File C:\Users\alexz\anaconda3\Lib\json\encoder.py first seen with mtime 1670351481.0
File C:\Users\alexz\anaconda3\Lib\wsgiref\handlers.py first seen with mtime 1670351481.0
File C:\Users\alexz\anaconda3\Lib\stat.py first seen with mtime 1670351481.0
File C:\Users\alexz\anaconda3\Lib\site-packages\django\contrib\admin\checks.py first seen with mtime 1691988850.5523217
File C:\Users\alexz\anaconda3\Lib\json\decoder.py first seen with mtime 1670351481.0
File C:\Users\alexz\anaconda3\Lib\site-packages\django\templatetags\__init__.py first seen with mtime 1691988852.4430156
File C:\Users\alexz\anaconda3\Lib\site-packages\asgiref\__init__.py first seen with mtime 1691988850.2488737
File C:\Users\alexz\anaconda3\Lib\site-packages\django\template\loaders\app_directories.py first seen with mtime 1691988852.4389775
File C:\Users\alexz\anaconda3\Lib\http\__init__.py first seen with mtime 1670351481.0
File C:\Users\alexz\anaconda3\Lib\site-packages\sqlparse\engine\statement_splitter.py first seen with mtime 1691988850.177981
File C:\Users\alexz\anaconda3\Lib\site-packages\django\core\checks\model_checks.py first seen with mtime 1691988852.2623947
File C:\Users\alexz\anaconda3\Lib\site-packages\django\core\servers\__init__.py first seen with mtime 1691988852.305611
File C:\Users\alexz\anaconda3\Lib\email\contentmanager.py first seen with mtime 1670351481.0
File C:\Users\alexz\anaconda3\Lib\site-packages\django\db\migrations\exceptions.py first seen with mtime 1691988852.3373587
File C:\Users\alexz\anaconda3\Lib\functools.py first seen with mtime 1670351481.0
File C:\Users\alexz\anaconda3\Lib\site-packages\django\contrib\staticfiles\management\commands\runserver.py first seen with mtime 1691988852.2463388
File C:\Users\alexz\anaconda3\Lib\site-packages\django\conf\__init__.py first seen with mtime 1691988850.3258495
File C:\Users\alexz\anaconda3\Lib\datetime.py first seen with mtime 1670351481.0
File C:\Users\alexz\anaconda3\Lib\email\parser.py first seen with mtime 1670351481.0
File C:\Users\alexz\anaconda3\Lib\site-packages\django\template\smartif.py first seen with mtime 1691988852.434416
File C:\Users\alexz\anaconda3\Lib\site-packages\django\contrib\staticfiles\management\__init__.py first seen with mtime 1691988852.2433186
File C:\Users\alexz\anaconda3\Lib\site-packages\django\contrib\messages\utils.py first seen with mtime 1691988851.747056
File C:\Users\alexz\anaconda3\Lib\site-packages\django\core\checks\__init__.py first seen with mtime 1691988852.257828
File C:\Users\alexz\anaconda3\Lib\site-packages\django\template\loader.py first seen with mtime 1691988852.4329004
File C:\Users\alexz\anaconda3\Lib\email\mime\__init__.py first seen with mtime 1670351481.0
File C:\Users\alexz\anaconda3\Lib\email\message.py first seen with mtime 1670351481.0
File C:\Users\alexz\anaconda3\Lib\site-packages\django\utils\version.py first seen with mtime 1691988852.4751923
File C:\Users\alexz\anaconda3\Lib\asyncio\streams.py first seen with mtime 1670351481.0
File C:\Users\alexz\anaconda3\Lib\site-packages\django\utils\topological_sort.py first seen with mtime 1691988852.4741738
File C:\Users\alexz\anaconda3\Lib\encodings\cp1252.py first seen with mtime 1670351481.0
File C:\Users\alexz\anaconda3\Lib\concurrent\futures\thread.py first seen with mtime 1670351481.0
File C:\Users\alexz\anaconda3\Lib\email\utils.py first seen with mtime 1670351481.0
File C:\Users\alexz\anaconda3\Lib\sysconfig.py first seen with mtime 1677694595.0
File C:\Users\alexz\anaconda3\Lib\site-packages\django\db\backends\base\introspection.py first seen with mtime 1691988852.3121223
File C:\Users\alexz\anaconda3\Lib\asyncio\base_futures.py first seen with mtime 1670351481.0
File C:\Users\alexz\anaconda3\Lib\site-packages\django\db\models\options.py first seen with mtime 1691988852.35319
File C:\Users\alexz\anaconda3\Lib\site-packages\django\db\models\fields\json.py first seen with mtime 1691988852.357169
File C:\Users\alexz\anaconda3\Lib\site-packages\django\db\models\sql\constants.py first seen with mtime 1691988852.366762
File C:\Users\alexz\anaconda3\Lib\site-packages\sqlparse\lexer.py first seen with mtime 1691988850.1739697
File C:\Users\alexz\anaconda3\Lib\site-packages\django\contrib\admin\decorators.py first seen with mtime 1691988850.5523217
File C:\Users\alexz\anaconda3\Lib\site-packages\django\middleware\cache.py first seen with mtime 1691988852.424348
File C:\Users\alexz\anaconda3\Lib\site-packages\django\utils\module_loading.py first seen with mtime 1691988852.4701724
File C:\Users\alexz\anaconda3\Lib\site-packages\django\utils\duration.py first seen with mtime 1691988852.464087
File C:\Users\alexz\anaconda3\Lib\site-packages\django\conf\urls\__init__.py first seen with mtime 1691988850.5477936
File C:\Users\alexz\anaconda3\Lib\site-packages\livereload\management\commands\__init__.py first seen with mtime 1692759716.4222605
File C:\Users\alexz\anaconda3\Lib\statistics.py first seen with mtime 1670351481.0
File C:\Users\alexz\anaconda3\Lib\asyncio\tasks.py first seen with mtime 1670351481.0
File C:\Users\alexz\anaconda3\Lib\asyncio\constants.py first seen with mtime 1670351481.0
File C:\Users\alexz\anaconda3\Lib\asyncio\subprocess.py first seen with mtime 1670351481.0
File C:\Users\alexz\anaconda3\Lib\site-packages\django\db\backends\__init__.py first seen with mtime 1691988852.307593
File C:\Users\alexz\anaconda3\Lib\site-packages\django\utils\numberformat.py first seen with mtime 1691988852.471172
File C:\Users\alexz\anaconda3\Lib\site-packages\django\contrib\sessions\__init__.py first seen with mtime 1691988851.9899766
File C:\Users\alexz\Coding\Fashionista\fashionista\urls.py first seen with mtime 1692813326.421943
File C:\Users\alexz\anaconda3\Lib\site-packages\django\core\files\locks.py first seen with mtime 1691988852.2673736
File C:\Users\alexz\anaconda3\Lib\site-packages\django\core\serializers\__init__.py first seen with mtime 1691988852.300613
File C:\Users\alexz\anaconda3\Lib\site-packages\django\template\base.py first seen with mtime 1691988852.4288762
File C:\Users\alexz\anaconda3\Lib\site-packages\django\core\exceptions.py first seen with mtime 1691988852.2488227
File C:\Users\alexz\anaconda3\Lib\site-packages\django\db\backends\base\base.py first seen with mtime 1691988852.3101017
File C:\Users\alexz\anaconda3\Lib\_compression.py first seen with mtime 1670351481.0
File C:\Users\alexz\anaconda3\Lib\fnmatch.py first seen with mtime 1670351481.0
File C:\Users\alexz\anaconda3\Lib\re.py first seen with mtime 1670351481.0
File C:\Users\alexz\anaconda3\Lib\asyncio\windows_utils.py first seen with mtime 1670351481.0
File C:\Users\alexz\anaconda3\Lib\site-packages\django\db\models\sql\__init__.py first seen with mtime 1691988852.3657434
File C:\Users\alexz\anaconda3\Lib\site-packages\django\utils\encoding.py first seen with mtime 1691988852.464087
File C:\Users\alexz\anaconda3\DLLs\_queue.pyd first seen with mtime 1677694797.0
File C:\Users\alexz\anaconda3\Lib\site-packages\django\db\backends\base\creation.py first seen with mtime 1691988852.311122
File C:\Users\alexz\anaconda3\Lib\site-packages\django\http\__init__.py first seen with mtime 1691988852.4213676
File C:\Users\alexz\anaconda3\Lib\site-packages\django\contrib\messages\constants.py first seen with mtime 1691988851.7460358
File C:\Users\alexz\anaconda3\Lib\asyncio\runners.py first seen with mtime 1670351481.0
File C:\Users\alexz\anaconda3\DLLs\_ssl.pyd first seen with mtime 1677694810.0
File C:\Users\alexz\anaconda3\Lib\site-packages\django\contrib\admin\views\__init__.py first seen with mtime 1691988850.9200215
File C:\Users\alexz\anaconda3\Lib\site-packages\sqlparse\sql.py first seen with mtime 1691988850.1749623
File C:\Users\alexz\anaconda3\Lib\site-packages\django\forms\renderers.py first seen with mtime 1691988852.375304
File C:\Users\alexz\anaconda3\Lib\site-packages\django\views\generic\edit.py first seen with mtime 1691988852.4899242
File C:\Users\alexz\anaconda3\Lib\site-packages\django\utils\datastructures.py first seen with mtime 1691988852.460081
File C:\Users\alexz\anaconda3\Lib\site-packages\django\db\backends\sqlite3\introspection.py first seen with mtime 1691988852.3343334
File C:\Users\alexz\anaconda3\Lib\site-packages\asgiref\local.py first seen with mtime 1691988850.2500224
File C:\Users\alexz\anaconda3\Lib\multiprocessing\reduction.py first seen with mtime 1670351481.0
File C:\Users\alexz\anaconda3\DLLs\select.pyd first seen with mtime 1677694798.0
File C:\Users\alexz\anaconda3\Lib\site-packages\django\utils\termcolors.py first seen with mtime 1691988852.4721918
File C:\Users\alexz\anaconda3\Lib\site-packages\django\views\static.py first seen with mtime 1691988852.4807663
File C:\Users\alexz\anaconda3\Lib\secrets.py first seen with mtime 1670351481.0
File C:\Users\alexz\anaconda3\Lib\site-packages\django\contrib\admin\templatetags\admin_modify.py first seen with mtime 1691988850.9174714
File C:\Users\alexz\anaconda3\Lib\copyreg.py first seen with mtime 1670351481.0
File C:\Users\alexz\anaconda3\Lib\collections\abc.py first seen with mtime 1670351481.0
File C:\Users\alexz\anaconda3\Lib\site-packages\PIL\_version.py first seen with mtime 1672618652.0
File C:\Users\alexz\anaconda3\Lib\site-packages\django\forms\boundfield.py first seen with mtime 1691988852.3723044
File C:\Users\alexz\anaconda3\Lib\site-packages\defusedxml\__init__.py first seen with mtime 1615228157.0
File C:\Users\alexz\anaconda3\Lib\site-packages\sqlparse\__init__.py first seen with mtime 1691988850.1709838
File C:\Users\alexz\anaconda3\Lib\site-packages\sqlparse\filters\reindent.py first seen with mtime 1691988850.180533
File C:\Users\alexz\anaconda3\Lib\site-packages\django\views\decorators\__init__.py first seen with mtime 1691988852.4817667
File C:\Users\alexz\anaconda3\Lib\site-packages\django\db\models\sql\datastructures.py first seen with mtime 1691988852.3677437
File C:\Users\alexz\anaconda3\Lib\site-packages\django\contrib\staticfiles\views.py first seen with mtime 1691988852.2433186
File C:\Users\alexz\anaconda3\Lib\queue.py first seen with mtime 1670351481.0
File C:\Users\alexz\anaconda3\Lib\site-packages\django\db\backends\sqlite3\base.py first seen with mtime 1691988852.3318064
File C:\Users\alexz\anaconda3\Lib\site-packages\django\utils\safestring.py first seen with mtime 1691988852.4721918
File C:\Users\alexz\anaconda3\Lib\site-packages\django\core\files\uploadedfile.py first seen with mtime 1691988852.2699306
File C:\Users\alexz\anaconda3\Lib\site-packages\django\views\csrf.py first seen with mtime 1691988852.4797347
File C:\Users\alexz\anaconda3\Lib\site-packages\django\core\cache\backends\base.py first seen with mtime 1691988852.2538464
File C:\Users\alexz\anaconda3\Lib\site-packages\django\contrib\messages\storage\__init__.py first seen with mtime 1691988851.7480564
File C:\Users\alexz\anaconda3\Lib\site-packages\django\db\migrations\operations\__init__.py first seen with mtime 1691988852.3448975
File C:\Users\alexz\anaconda3\Lib\site-packages\django\db\models\deletion.py first seen with mtime 1691988852.3501704
File C:\Users\alexz\anaconda3\Lib\urllib\response.py first seen with mtime 1670351481.0
File C:\Users\alexz\anaconda3\Lib\site-packages\django\core\mail\__init__.py first seen with mtime 1691988852.276911
File C:\Users\alexz\anaconda3\Lib\site-packages\django\db\backends\sqlite3\__init__.py first seen with mtime 1691988852.3308275
File C:\Users\alexz\anaconda3\DLLs\_overlapped.pyd first seen with mtime 1677694799.0
File C:\Users\alexz\anaconda3\Lib\site-packages\django\utils\timezone.py first seen with mtime 1691988852.4741738
File C:\Users\alexz\anaconda3\Lib\site-packages\django\db\backends\sqlite3\creation.py first seen with mtime 1691988852.3328314
File C:\Users\alexz\anaconda3\Lib\site-packages\django\db\__init__.py first seen with mtime 1691988852.3065913
File C:\Users\alexz\anaconda3\Lib\weakref.py first seen with mtime 1670351481.0
File C:\Users\alexz\anaconda3\Lib\site-packages\django\contrib\admin\templatetags\__init__.py first seen with mtime 1691988850.9164739
File C:\Users\alexz\anaconda3\Lib\site-packages\django\contrib\admin\utils.py first seen with mtime 1691988850.5573304
File C:\Users\alexz\anaconda3\Lib\site-packages\django\core\files\uploadhandler.py first seen with mtime 1691988852.2709117
File C:\Users\alexz\anaconda3\Lib\site-packages\django\forms\formsets.py first seen with mtime 1691988852.3742852
File C:\Users\alexz\anaconda3\Lib\wsgiref\__init__.py first seen with mtime 1670351481.0
File C:\Users\alexz\anaconda3\Lib\site-packages\django\core\checks\caches.py first seen with mtime 1691988852.2593675
File C:\Users\alexz\anaconda3\Lib\lzma.py first seen with mtime 1670351481.0
File C:\Users\alexz\anaconda3\Lib\site-packages\django\contrib\auth\password_validation.py first seen with mtime 1691988851.0771706
File C:\Users\alexz\anaconda3\Lib\bisect.py first seen with mtime 1670351481.0
File C:\Users\alexz\anaconda3\Lib\site-packages\django\templatetags\tz.py first seen with mtime 1691988852.446011
File C:\Users\alexz\anaconda3\Lib\uu.py first seen with mtime 1670351481.0
File C:\Users\alexz\anaconda3\Lib\site-packages\django\core\files\storage\filesystem.py first seen with mtime 1691988852.27293
File C:\Users\alexz\anaconda3\Lib\site-packages\django\core\files\storage\mixins.py first seen with mtime 1691988852.2739308
File C:\Users\alexz\anaconda3\Lib\site-packages\django\core\management\color.py first seen with mtime 1691988852.2825046
File C:\Users\alexz\anaconda3\Lib\asyncio\events.py first seen with mtime 1670351481.0
File C:\Users\alexz\anaconda3\Lib\platform.py first seen with mtime 1677694617.0
File C:\Users\alexz\anaconda3\Lib\abc.py first seen with mtime 1670351481.0
File C:\Users\alexz\anaconda3\Lib\operator.py first seen with mtime 1670351481.0
File C:\Users\alexz\anaconda3\Lib\site-packages\django\contrib\sites\shortcuts.py first seen with mtime 1691988852.1143613
File C:\Users\alexz\anaconda3\Lib\ast.py first seen with mtime 1670351481.0
File C:\Users\alexz\anaconda3\Lib\site-packages\django\core\servers\basehttp.py first seen with mtime 1691988852.305611
File C:\Users\alexz\anaconda3\Lib\site-packages\django\contrib\sessions\models.py first seen with mtime 1691988851.9939976
File C:\Users\alexz\anaconda3\Lib\site-packages\django\db\models\enums.py first seen with mtime 1691988852.351189
File C:\Users\alexz\anaconda3\DLLs\_lzma.pyd first seen with mtime 1677694805.0
File C:\Users\alexz\anaconda3\Lib\site-packages\django\utils\deconstruct.py first seen with mtime 1691988852.462087
File C:\Users\alexz\anaconda3\Lib\site-packages\django\urls\exceptions.py first seen with mtime 1691988852.4535806
File C:\Users\alexz\anaconda3\Lib\http\client.py first seen with mtime 1670351481.0
File C:\Users\alexz\Coding\Fashionista\fashionista\__init__.py first seen with mtime 1691988882.2452743
File C:\Users\alexz\anaconda3\Lib\site-packages\django\http\cookie.py first seen with mtime 1691988852.4213676
File C:\Users\alexz\anaconda3\Lib\sre_constants.py first seen with mtime 1670351481.0
File C:\Users\alexz\anaconda3\Lib\site-packages\django\views\generic\base.py first seen with mtime 1691988852.4877675
File C:\Users\alexz\anaconda3\Lib\site-packages\colorama\win32.py first seen with mtime 1672387327.0
File C:\Users\alexz\anaconda3\Lib\asyncio\format_helpers.py first seen with mtime 1670351481.0
File C:\Users\alexz\anaconda3\DLLs\_bz2.pyd first seen with mtime 1677694805.0
File C:\Users\alexz\anaconda3\Lib\zoneinfo\__init__.py first seen with mtime 1670351481.0
File C:\Users\alexz\anaconda3\Lib\site-packages\django\contrib\admin\helpers.py first seen with mtime 1691988850.5553427
File C:\Users\alexz\anaconda3\Lib\urllib\parse.py first seen with mtime 1670351481.0
File C:\Users\alexz\anaconda3\Lib\opcode.py first seen with mtime 1670351481.0
File C:\Users\alexz\anaconda3\Lib\__future__.py first seen with mtime 1670351481.0
File C:\Users\alexz\anaconda3\Lib\_compat_pickle.py first seen with mtime 1670351481.0
File C:\Users\alexz\anaconda3\Lib\socketserver.py first seen with mtime 1670351481.0
File C:\Users\alexz\anaconda3\Lib\site-packages\django\utils\formats.py first seen with mtime 1691988852.4650676
File C:\Users\alexz\anaconda3\Lib\heapq.py first seen with mtime 1670351481.0
File C:\Users\alexz\anaconda3\Lib\site-packages\django\db\backends\base\schema.py first seen with mtime 1691988852.3131216
File C:\Users\alexz\anaconda3\Lib\site-packages\sqlparse\keywords.py first seen with mtime 1691988850.1739697
File C:\Users\alexz\anaconda3\Lib\site-packages\django\core\files\storage\__init__.py first seen with mtime 1691988852.271911
File C:\Users\alexz\anaconda3\Lib\site-packages\django\template\loader_tags.py first seen with mtime 1691988852.4329004
File C:\Users\alexz\anaconda3\Lib\site-packages\django\contrib\admin\views\autocomplete.py first seen with mtime 1691988850.9200215
File C:\Users\alexz\anaconda3\Lib\asyncio\locks.py first seen with mtime 1670351481.0
File C:\Users\alexz\anaconda3\Lib\socket.py first seen with mtime 1670351481.0
File C:\Users\alexz\anaconda3\Lib\site-packages\django\db\models\fields\__init__.py first seen with mtime 1691988852.3561697
File C:\Users\alexz\anaconda3\Lib\site-packages\django\db\migrations\operations\fields.py first seen with mtime 1691988852.345894
File C:\Users\alexz\anaconda3\Lib\site-packages\django\utils\translation\reloader.py first seen with mtime 1691988852.477173
File C:\Users\alexz\anaconda3\Lib\site-packages\django\core\checks\translation.py first seen with mtime 1691988852.2633934
File C:\Users\alexz\anaconda3\Lib\site-packages\django\db\migrations\migration.py first seen with mtime 1691988852.3398929
File C:\Users\alexz\anaconda3\Lib\site-packages\django\contrib\admin\sites.py first seen with mtime 1691988850.5573304
File C:\Users\alexz\anaconda3\Lib\site-packages\django\contrib\auth\hashers.py first seen with mtime 1691988851.0751905
File C:\Users\alexz\anaconda3\Lib\site-packages\django\core\files\__init__.py first seen with mtime 1691988852.2673736
File C:\Users\alexz\anaconda3\Lib\site-packages\django\template\backends\django.py first seen with mtime 1691988852.4364207
File C:\Users\alexz\anaconda3\Lib\site-packages\django\core\handlers\asgi.py first seen with mtime 1691988852.2749305
File C:\Users\alexz\anaconda3\Lib\site-packages\django\template\utils.py first seen with mtime 1691988852.4354365
File C:\Users\alexz\anaconda3\Lib\site-packages\django\middleware\__init__.py first seen with mtime 1691988852.423368
File C:\Users\alexz\anaconda3\Lib\token.py first seen with mtime 1670351481.0
File C:\Users\alexz\anaconda3\Lib\site-packages\django\template\backends\base.py first seen with mtime 1691988852.4364207
File C:\Users\alexz\anaconda3\Lib\textwrap.py first seen with mtime 1670351481.0
File C:\Users\alexz\anaconda3\Lib\site-packages\colorama\__init__.py first seen with mtime 1672387327.0
File C:\Users\alexz\anaconda3\Lib\json\scanner.py first seen with mtime 1670351481.0
File C:\Users\alexz\anaconda3\Lib\glob.py first seen with mtime 1670351481.0
File C:\Users\alexz\anaconda3\Lib\http\cookies.py first seen with mtime 1670351481.0
File C:\Users\alexz\anaconda3\Lib\email\charset.py first seen with mtime 1670351481.0
File C:\Users\alexz\anaconda3\Lib\html\parser.py first seen with mtime 1670351481.0
File C:\Users\alexz\anaconda3\Lib\site-packages\django\core\files\storage\memory.py first seen with mtime 1691988852.2739308
File C:\Users\alexz\anaconda3\Lib\site-packages\django\core\validators.py first seen with mtime 1691988852.250875
File C:\Users\alexz\anaconda3\Lib\logging\handlers.py first seen with mtime 1688141861.574262
File C:\Users\alexz\anaconda3\Lib\sre_parse.py first seen with mtime 1670351481.0
File C:\Users\alexz\anaconda3\Lib\site-packages\django\template\backends\__init__.py first seen with mtime 1691988852.4354365
File C:\Users\alexz\anaconda3\Lib\site-packages\django\core\checks\security\__init__.py first seen with mtime 1691988852.2653794
File C:\Users\alexz\anaconda3\Lib\site-packages\django\contrib\contenttypes\management\__init__.py first seen with mtime 1691988851.322369
File C:\Users\alexz\anaconda3\Lib\site-packages\django\contrib\admin\actions.py first seen with mtime 1691988850.5513465
File C:\Users\alexz\anaconda3\Lib\site-packages\django\db\migrations\operations\models.py first seen with mtime 1691988852.345894
File C:\Users\alexz\anaconda3\Lib\site-packages\django\contrib\staticfiles\apps.py first seen with mtime 1691988852.2370896
File C:\Users\alexz\anaconda3\Lib\http\server.py first seen with mtime 1670351481.0
File C:\Users\alexz\anaconda3\Lib\site-packages\django\core\checks\compatibility\django_4_0.py first seen with mtime 1691988852.2643929
File C:\Users\alexz\anaconda3\Lib\site-packages\django\templatetags\l10n.py first seen with mtime 1691988852.4450107
File C:\Users\alexz\anaconda3\Lib\site-packages\django\conf\locale\__init__.py first seen with mtime 1691988850.3300385
File C:\Users\alexz\anaconda3\Lib\site-packages\django\utils\autoreload.py first seen with mtime 1691988852.4565873
File C:\Users\alexz\anaconda3\Lib\codecs.py first seen with mtime 1670351481.0
File C:\Users\alexz\anaconda3\Lib\site-packages\django\db\migrations\utils.py first seen with mtime 1691988852.3428962
File C:\Users\alexz\anaconda3\Lib\site.py first seen with mtime 1670351481.0
File C:\Users\alexz\anaconda3\Lib\site-packages\sqlparse\filters\aligned_indent.py first seen with mtime 1691988850.179523
File C:\Users\alexz\anaconda3\Lib\site-packages\django\core\wsgi.py first seen with mtime 1691988852.2518697
File C:\Users\alexz\anaconda3\Lib\site-packages\django\core\cache\backends\filebased.py first seen with mtime 1691988852.255828
File C:\Users\alexz\anaconda3\Lib\email\_parseaddr.py first seen with mtime 1670351481.0
File C:\Users\alexz\anaconda3\Lib\site-packages\django\db\backends\sqlite3\schema.py first seen with mtime 1691988852.3353593
File C:\Users\alexz\anaconda3\Lib\io.py first seen with mtime 1670351481.0
File C:\Users\alexz\anaconda3\Lib\sqlite3\__init__.py first seen with mtime 1670351481.0
File C:\Users\alexz\anaconda3\Lib\contextvars.py first seen with mtime 1670351481.0
File C:\Users\alexz\anaconda3\Lib\string.py first seen with mtime 1670351481.0
File C:\Users\alexz\anaconda3\Lib\site-packages\django\db\transaction.py first seen with mtime 1691988852.3065913
File C:\Users\alexz\anaconda3\Lib\site-packages\django\views\decorators\csrf.py first seen with mtime 1691988852.483768
File C:\Users\alexz\anaconda3\Lib\email\base64mime.py first seen with mtime 1670351481.0
File C:\Users\alexz\anaconda3\Lib\asyncio\base_subprocess.py first seen with mtime 1670351481.0
File C:\Users\alexz\anaconda3\Lib\asyncio\queues.py first seen with mtime 1670351481.0
File C:\Users\alexz\anaconda3\Lib\site-packages\django\forms\utils.py first seen with mtime 1691988852.376285
File C:\Users\alexz\anaconda3\Lib\pprint.py first seen with mtime 1670351481.0
File C:\Users\alexz\anaconda3\Lib\site-packages\django\db\models\functions\mixins.py first seen with mtime 1691988852.363763
File C:\Users\alexz\anaconda3\Lib\email\policy.py first seen with mtime 1670351481.0
File C:\Users\alexz\anaconda3\DLLs\unicodedata.pyd first seen with mtime 1677694803.0
File C:\Users\alexz\anaconda3\Lib\site-packages\django\core\signals.py first seen with mtime 1691988852.2498283
File C:\Users\alexz\anaconda3\Lib\site-packages\django\template\autoreload.py first seen with mtime 1691988852.4273682
File C:\Users\alexz\anaconda3\DLLs\_zoneinfo.pyd first seen with mtime 1677694793.0
File C:\Users\alexz\anaconda3\Lib\site-packages\django\templatetags\i18n.py first seen with mtime 1691988852.4440114
File C:\Users\alexz\anaconda3\Lib\site-packages\django\views\i18n.py first seen with mtime 1691988852.4807663
File C:\Users\alexz\anaconda3\Lib\site-packages\django\http\multipartparser.py first seen with mtime 1691988852.4223485
File C:\Users\alexz\anaconda3\Lib\site-packages\django\db\backends\base\operations.py first seen with mtime 1691988852.3131216
File C:\Users\alexz\anaconda3\Lib\multiprocessing\process.py first seen with mtime 1670351481.0
File C:\Users\alexz\anaconda3\Lib\getpass.py first seen with mtime 1670351481.0
File C:\Users\alexz\anaconda3\Lib\site-packages\django\core\checks\compatibility\__init__.py first seen with mtime 1691988852.2643929
File C:\Users\alexz\anaconda3\Lib\site-packages\django\core\management\commands\__init__.py first seen with mtime 1691988852.2844965
File C:\Users\alexz\Coding\Fashionista\home\__init__.py first seen with mtime 1692070100.9304676
File C:\Users\alexz\anaconda3\Lib\email\mime\nonmultipart.py first seen with mtime 1670351481.0
File C:\Users\alexz\anaconda3\Lib\asyncio\sslproto.py first seen with mtime 1670351481.0
File C:\Users\alexz\anaconda3\Lib\asyncio\selector_events.py first seen with mtime 1670351481.0
File C:\Users\alexz\anaconda3\Lib\_markupbase.py first seen with mtime 1670351481.0
File C:\Users\alexz\anaconda3\Lib\site-packages\django\db\models\query.py first seen with mtime 1691988852.3541884
File C:\Users\alexz\anaconda3\Lib\locale.py first seen with mtime 1670351481.0
File C:\Users\alexz\anaconda3\Lib\site-packages\sqlparse\filters\right_margin.py first seen with mtime 1691988850.181532
File C:\Users\alexz\anaconda3\Lib\importlib\__init__.py first seen with mtime 1670351481.0
File C:\Users\alexz\anaconda3\Lib\site-packages\django\utils\__init__.py first seen with mtime 1691988852.454559
File C:\Users\alexz\anaconda3\Lib\encodings\__init__.py first seen with mtime 1670351481.0
File C:\Users\alexz\anaconda3\Lib\site-packages\django\core\handlers\wsgi.py first seen with mtime 1691988852.276911
File C:\Users\alexz\anaconda3\Lib\importlib\machinery.py first seen with mtime 1670351481.0
File C:\Users\alexz\anaconda3\Lib\genericpath.py first seen with mtime 1670351481.0
File C:\Users\alexz\anaconda3\Lib\site-packages\django\db\models\functions\__init__.py first seen with mtime 1691988852.3617437
File C:\Users\alexz\anaconda3\Lib\asyncio\staggered.py first seen with mtime 1670351481.0
File C:\Users\alexz\anaconda3\Lib\urllib\request.py first seen with mtime 1670351481.0
File C:\Users\alexz\anaconda3\Lib\site-packages\colorama\initialise.py first seen with mtime 1672387327.0
File C:\Users\alexz\anaconda3\Lib\hmac.py first seen with mtime 1670351481.0
File C:\Users\alexz\anaconda3\Lib\importlib\util.py first seen with mtime 1670351481.0
File C:\Users\alexz\anaconda3\Lib\site-packages\django\core\cache\utils.py first seen with mtime 1691988852.2528286
File C:\Users\alexz\anaconda3\Lib\asyncio\mixins.py first seen with mtime 1670351481.0
File C:\Users\alexz\anaconda3\Lib\ctypes\wintypes.py first seen with mtime 1670351481.0
File C:\Users\alexz\anaconda3\Lib\site-packages\colorama\ansitowin32.py first seen with mtime 1672387327.0
File C:\Users\alexz\anaconda3\Lib\site-packages\django\db\models\sql\subqueries.py first seen with mtime 1691988852.3693943
File C:\Users\alexz\anaconda3\Lib\asyncio\log.py first seen with mtime 1670351481.0
File C:\Users\alexz\anaconda3\Lib\site-packages\django\utils\regex_helper.py first seen with mtime 1691988852.471172
File C:\Users\alexz\anaconda3\Lib\site-packages\django\db\models\query_utils.py first seen with mtime 1691988852.3551881
File C:\Users\alexz\anaconda3\Lib\site-packages\livereload\management\commands\runserver.py first seen with mtime 1692759716.423404
File C:\Users\alexz\anaconda3\Lib\site-packages\django\db\backends\sqlite3\client.py first seen with mtime 1691988852.3318064
File C:\Users\alexz\anaconda3\Lib\site-packages\django\apps\__init__.py first seen with mtime 1691988850.3238685
File C:\Users\alexz\anaconda3\Lib\asyncio\coroutines.py first seen with mtime 1670351481.0
File C:\Users\alexz\anaconda3\Lib\site-packages\django\template\__init__.py first seen with mtime 1691988852.4273682
File C:\Users\alexz\anaconda3\Lib\site-packages\django\db\backends\base\__init__.py first seen with mtime 1691988852.3090973
File C:\Users\alexz\anaconda3\Lib\site-packages\django\contrib\messages\api.py first seen with mtime 1691988851.745036
File C:\Users\alexz\anaconda3\Lib\site-packages\django\db\backends\sqlite3\operations.py first seen with mtime 1691988852.3343334
File C:\Users\alexz\anaconda3\Lib\site-packages\django\utils\translation\__init__.py first seen with mtime 1691988852.4761922
File C:\Users\alexz\anaconda3\Lib\site-packages\django\utils\translation\trans_real.py first seen with mtime 1691988852.4781723
File C:\Users\alexz\Coding\Fashionista\home\templates\home first seen with mtime 1693342851.2274802
File C:\Users\alexz\Coding\Fashionista\home\templates\home\authentication.html first seen with mtime 1693357095.3338716
File C:\Users\alexz\Coding\Fashionista\home\templates\home\base.html first seen with mtime 1693516652.0415485
File C:\Users\alexz\Coding\Fashionista\home\templates\home\home.html first seen with mtime 1693357097.2172146
File C:\Users\alexz\Coding\Fashionista\home\templates\home\inspiration.html first seen with mtime 1693714174.7057838
File C:\Users\alexz\Coding\Fashionista\home\templates\home\wardrobe.html first seen with mtime 1693586670.0336375
File C:\Users\alexz\anaconda3\Lib\site-packages\bs4\builder\_html5lib.py first seen with mtime 1650293103.0
File C:\Users\alexz\anaconda3\Lib\site-packages\django\contrib\auth\migrations\0005_alter_user_last_login_null.py first seen with mtime 1691988851.205811
File C:\Users\alexz\anaconda3\Lib\site-packages\bs4\element.py first seen with mtime 1650293103.0
File C:\Users\alexz\anaconda3\Lib\site-packages\chardet\langthaimodel.py first seen with mtime 1642114107.0
File C:\Users\alexz\anaconda3\Lib\site-packages\django\contrib\auth\migrations\0007_alter_validators_add_error_messages.py first seen with mtime 1691988851.2068093
File C:\Users\alexz\anaconda3\Lib\site-packages\chardet\sbcharsetprober.py first seen with mtime 1642114107.0
File C:\Users\alexz\anaconda3\Lib\site-packages\django\contrib\admin\migrations\0002_logentry_remove_auto_add.py first seen with mtime 1691988850.8082182
File C:\Users\alexz\Coding\Fashionista\home\migrations\0010_similaritem_belt.py first seen with mtime 1693416176.6199625
File C:\Users\alexz\anaconda3\Lib\site-packages\html5lib\_trie\_base.py first seen with mtime 1687441424.8619215
File C:\Users\alexz\anaconda3\Lib\site-packages\PIL\TiffTags.py first seen with mtime 1672618652.0
File C:\Users\alexz\anaconda3\Lib\site-packages\PIL\_deprecate.py first seen with mtime 1672618652.0
File C:\Users\alexz\anaconda3\Lib\site-packages\html5lib\treebuilders\base.py first seen with mtime 1687441424.8729157
File C:\Users\alexz\anaconda3\Lib\site-packages\soupsieve\css_types.py first seen with mtime 1666296561.0
File C:\Users\alexz\Coding\Fashionista\home\migrations\0005_product_category_similaritem_category_and_more.py first seen with mtime 1693202432.8097959
File C:\Users\alexz\anaconda3\Lib\site-packages\chardet\universaldetector.py first seen with mtime 1642114107.0
File C:\Users\alexz\anaconda3\Lib\site-packages\chardet\mbcsgroupprober.py first seen with mtime 1642114107.0
File C:\Users\alexz\anaconda3\Lib\site-packages\django\contrib\auth\migrations\0011_update_proxy_permissions.py first seen with mtime 1691988851.2078092
File C:\Users\alexz\anaconda3\Lib\site-packages\django\contrib\sessions\migrations\__init__.py first seen with mtime 1691988852.1057901
File C:\Users\alexz\anaconda3\Lib\site-packages\cffi\error.py first seen with mtime 1670423521.0
File C:\Users\alexz\anaconda3\Lib\site-packages\html5lib\_trie\py.py first seen with mtime 1687441424.8629217
File C:\Users\alexz\anaconda3\Lib\site-packages\chardet\euctwfreq.py first seen with mtime 1642114107.0
File C:\Users\alexz\anaconda3\Lib\site-packages\chardet\mbcharsetprober.py first seen with mtime 1642114107.0
File C:\Users\alexz\anaconda3\Lib\site-packages\chardet\langrussianmodel.py first seen with mtime 1642114107.0
File C:\Users\alexz\anaconda3\Lib\site-packages\django\contrib\auth\middleware.py first seen with mtime 1691988851.0751905
File C:\Users\alexz\anaconda3\Lib\site-packages\django\contrib\messages\middleware.py first seen with mtime 1691988851.747056
File C:\Users\alexz\anaconda3\Lib\site-packages\django\db\models\sql\compiler.py first seen with mtime 1691988852.366762
File C:\Users\alexz\anaconda3\Lib\site-packages\webencodings\__init__.py first seen with mtime 1491423163.0
File C:\Users\alexz\anaconda3\Lib\site-packages\soupsieve\util.py first seen with mtime 1666296561.0
File C:\Users\alexz\anaconda3\Lib\site-packages\django\contrib\auth\migrations\0006_require_contenttypes_0002.py first seen with mtime 1691988851.205811
File C:\Users\alexz\anaconda3\Lib\site-packages\html5lib\_inputstream.py first seen with mtime 1687441424.855265
File C:\Users\alexz\anaconda3\Lib\site-packages\defusedxml\common.py first seen with mtime 1615228157.0
File C:\Users\alexz\anaconda3\Lib\site-packages\chardet\charsetprober.py first seen with mtime 1642114107.0
File C:\Users\alexz\anaconda3\Lib\site-packages\chardet\sjisprober.py first seen with mtime 1642114107.0
File C:\Users\alexz\anaconda3\Lib\site-packages\lxml\_elementpath.cp310-win_amd64.pyd first seen with mtime 1657527632.0
File C:\Users\alexz\anaconda3\Lib\encodings\utf_16_be.py first seen with mtime 1670351481.0
File C:\Users\alexz\anaconda3\Lib\site-packages\django\contrib\sessions\exceptions.py first seen with mtime 1691988851.9920013
File C:\Users\alexz\anaconda3\Lib\site-packages\django\contrib\auth\migrations\0003_alter_user_email_max_length.py first seen with mtime 1691988851.2048104
File C:\Users\alexz\anaconda3\Lib\site-packages\chardet\eucjpprober.py first seen with mtime 1642114107.0
File C:\Users\alexz\anaconda3\Lib\site-packages\chardet\escsm.py first seen with mtime 1642114107.0
File C:\Users\alexz\Coding\Fashionista\home\migrations\__init__.py first seen with mtime 1692070100.9314263
File C:\Users\alexz\anaconda3\Lib\site-packages\chardet\chardistribution.py first seen with mtime 1642114107.0
File C:\Users\alexz\anaconda3\Lib\site-packages\django\contrib\auth\migrations\0004_alter_user_username_opts.py first seen with mtime 1691988851.205811
File C:\Users\alexz\anaconda3\Lib\encodings\idna.py first seen with mtime 1670351481.0
File C:\Users\alexz\anaconda3\Lib\xml\etree\ElementTree.py first seen with mtime 1670351481.0
File C:\Users\alexz\anaconda3\Lib\xml\etree\__init__.py first seen with mtime 1670351481.0
File C:\Users\alexz\anaconda3\Lib\site-packages\django\contrib\auth\migrations\0010_alter_group_name_max_length.py first seen with mtime 1691988851.2078092
File C:\Users\alexz\anaconda3\Lib\site-packages\django\db\migrations\executor.py first seen with mtime 1691988852.3373587
File C:\Users\alexz\anaconda3\Lib\site-packages\PIL\ExifTags.py first seen with mtime 1672618652.0
File C:\Users\alexz\anaconda3\Lib\site-packages\chardet\sbcsgroupprober.py first seen with mtime 1642114107.0
File C:\Users\alexz\anaconda3\Lib\site-packages\chardet\big5prober.py first seen with mtime 1642114107.0
File C:\Users\alexz\anaconda3\Lib\site-packages\chardet\langhebrewmodel.py first seen with mtime 1642114107.0
File C:\Users\alexz\anaconda3\Lib\site-packages\django\middleware\common.py first seen with mtime 1691988852.424348
File C:\Users\alexz\anaconda3\Lib\site-packages\django\contrib\auth\backends.py first seen with mtime 1691988851.0711699
File C:\Users\alexz\anaconda3\Lib\site-packages\soupsieve\css_parser.py first seen with mtime 1666296561.0
File C:\Users\alexz\anaconda3\Lib\xml\sax\__init__.py first seen with mtime 1670351481.0
File C:\Users\alexz\anaconda3\Lib\site-packages\chardet\version.py first seen with mtime 1642114107.0
File C:\Users\alexz\anaconda3\Lib\site-packages\PIL\_imaging.cp310-win_amd64.pyd first seen with mtime 1677510391.0
File C:\Users\alexz\anaconda3\Lib\site-packages\django\contrib\contenttypes\migrations\__init__.py first seen with mtime 1691988851.32435
File C:\Users\alexz\anaconda3\Lib\site-packages\six.py first seen with mtime 1644875973.0
File C:\Users\alexz\anaconda3\Lib\site-packages\lxml\__init__.py first seen with mtime 1657527632.0
File C:\Users\alexz\anaconda3\Lib\site-packages\chardet\euckrfreq.py first seen with mtime 1642114107.0
File C:\Users\alexz\anaconda3\Lib\site-packages\django\contrib\sessions\backends\db.py first seen with mtime 1691988851.9959757
File C:\Users\alexz\anaconda3\Lib\site-packages\html5lib\treebuilders\__init__.py first seen with mtime 1687441424.8719177
File C:\Users\alexz\anaconda3\Lib\xml\sax\_exceptions.py first seen with mtime 1670351481.0
File C:\Users\alexz\Coding\Fashionista\home\migrations\0013_alter_product_similar_item_alter_product_styles.py first seen with mtime 1693514417.129221
File C:\Users\alexz\anaconda3\Lib\site-packages\chardet\mbcssm.py first seen with mtime 1642114107.0
File C:\Users\alexz\anaconda3\Lib\xml\etree\ElementPath.py first seen with mtime 1670351481.0
File C:\Users\alexz\Coding\Fashionista\home\migrations\0001_initial.py first seen with mtime 1693349072.2546191
File C:\Users\alexz\anaconda3\Lib\site-packages\django\contrib\auth\migrations\0001_initial.py first seen with mtime 1691988851.2038074
File C:\Users\alexz\Coding\Fashionista\home\migrations\0003_similaritem_product_heat_index_product_primary_color_and_more.py first seen with mtime 1693512024.8059292
File C:\Users\alexz\anaconda3\Lib\site-packages\django\contrib\admin\migrations\__init__.py first seen with mtime 1691988850.8102307
File C:\Users\alexz\anaconda3\Lib\site-packages\django\middleware\clickjacking.py first seen with mtime 1691988852.424348
File C:\Users\alexz\anaconda3\Lib\site-packages\chardet\langturkishmodel.py first seen with mtime 1642114107.0
File C:\Users\alexz\anaconda3\Lib\site-packages\chardet\codingstatemachine.py first seen with mtime 1642114107.0
File C:\Users\alexz\anaconda3\Lib\xml\__init__.py first seen with mtime 1670351481.0
File C:\Users\alexz\Coding\Fashionista\home\migrations\0012_alter_product_styles.py first seen with mtime 1693514263.946417
File C:\Users\alexz\anaconda3\Lib\site-packages\PIL\_binary.py first seen with mtime 1672618652.0
File C:\Users\alexz\anaconda3\Lib\site-packages\soupsieve\__meta__.py first seen with mtime 1666296561.0
File C:\Users\alexz\anaconda3\Lib\site-packages\html5lib\html5parser.py first seen with mtime 1687441424.8599048
File C:\Users\alexz\anaconda3\Lib\site-packages\PIL\_util.py first seen with mtime 1672618652.0
File C:\Users\alexz\anaconda3\Lib\site-packages\bs4\formatter.py first seen with mtime 1650293103.0
File C:\Users\alexz\anaconda3\Lib\site-packages\cffi\api.py first seen with mtime 1670423521.0
File C:\Users\alexz\anaconda3\Lib\site-packages\django\db\migrations\recorder.py first seen with mtime 1691988852.3419056
File C:\Users\alexz\anaconda3\Lib\stringprep.py first seen with mtime 1670351481.0
File C:\Users\alexz\anaconda3\Lib\site-packages\soupsieve\pretty.py first seen with mtime 1666296561.0
File C:\Users\alexz\anaconda3\DLLs\_elementtree.pyd first seen with mtime 1677694801.0
File C:\Users\alexz\anaconda3\Lib\site-packages\chardet\jpcntx.py first seen with mtime 1642114107.0
File C:\Users\alexz\anaconda3\Lib\site-packages\django\contrib\sessions\backends\base.py first seen with mtime 1691988851.994975
File C:\Users\alexz\anaconda3\Lib\site-packages\django\core\cache\backends\locmem.py first seen with mtime 1691988852.2568498
File C:\Users\alexz\anaconda3\Lib\site-packages\webencodings\labels.py first seen with mtime 1491423163.0
File C:\Users\alexz\anaconda3\Lib\site-packages\cffi\__init__.py first seen with mtime 1670423521.0
File C:\Users\alexz\anaconda3\Lib\site-packages\django\contrib\sessions\backends\__init__.py first seen with mtime 1691988851.994975
File C:\Users\alexz\anaconda3\Lib\site-packages\cffi\lock.py first seen with mtime 1670423521.0
File C:\Users\alexz\anaconda3\Lib\site-packages\html5lib\treewalkers\__init__.py first seen with mtime 1687441424.8759148
File C:\Users\alexz\anaconda3\Lib\site-packages\bs4\builder\_lxml.py first seen with mtime 1650293103.0
File C:\Users\alexz\Coding\Fashionista\fashionista\wsgi.py first seen with mtime 1691988883.086726
File C:\Users\alexz\anaconda3\Lib\xml\parsers\__init__.py first seen with mtime 1670351481.0
File C:\Users\alexz\anaconda3\Lib\site-packages\bs4\builder\_htmlparser.py first seen with mtime 1650293103.0
File C:\Users\alexz\anaconda3\Lib\site-packages\django\db\migrations\graph.py first seen with mtime 1691988852.338868
File C:\Users\alexz\anaconda3\Lib\site-packages\django\contrib\sessions\migrations\0001_initial.py first seen with mtime 1691988852.1057901
File C:\Users\alexz\anaconda3\Lib\site-packages\chardet\gb2312prober.py first seen with mtime 1642114107.0
File C:\Users\alexz\anaconda3\Lib\site-packages\django\contrib\admin\migrations\0001_initial.py first seen with mtime 1691988850.8071914
File C:\Users\alexz\anaconda3\Lib\site-packages\livereload\middleware.py first seen with mtime 1692759716.4196317
File C:\Users\alexz\anaconda3\Lib\site-packages\soupsieve\css_match.py first seen with mtime 1666296561.0
File C:\Users\alexz\anaconda3\Lib\site-packages\bs4\dammit.py first seen with mtime 1650293103.0
File C:\Users\alexz\anaconda3\Lib\site-packages\chardet\cp949prober.py first seen with mtime 1642114107.0
File C:\Users\alexz\anaconda3\Lib\site-packages\html5lib\constants.py first seen with mtime 1687441424.8584816
File C:\Users\alexz\anaconda3\Lib\site-packages\chardet\euctwprober.py first seen with mtime 1642114107.0
File C:\Users\alexz\anaconda3\Lib\encodings\utf_16_le.py first seen with mtime 1670351481.0
File C:\Users\alexz\anaconda3\Lib\site-packages\html5lib\_trie\__init__.py first seen with mtime 1687441424.8619215
File C:\Users\alexz\anaconda3\Lib\site-packages\bs4\builder\__init__.py first seen with mtime 1650293103.0
File C:\Users\alexz\anaconda3\Lib\xml\sax\handler.py first seen with mtime 1670351481.0
File C:\Users\alexz\anaconda3\Lib\site-packages\chardet\__init__.py first seen with mtime 1642114107.0
File C:\Users\alexz\anaconda3\Lib\site-packages\html5lib\__init__.py first seen with mtime 1687441424.85425
File C:\Users\alexz\anaconda3\Lib\site-packages\defusedxml\ElementTree.py first seen with mtime 1615228157.0
File C:\Users\alexz\anaconda3\Lib\site-packages\bs4\__init__.py first seen with mtime 1650293103.0
File C:\Users\alexz\Coding\Fashionista\home\migrations\0007_product_formality_similaritem_formality.py first seen with mtime 1693267274.6813617
File C:\Users\alexz\anaconda3\Lib\xml\sax\saxutils.py first seen with mtime 1670351481.0
File C:\Users\alexz\anaconda3\Lib\site-packages\chardet\escprober.py first seen with mtime 1642114107.0
File C:\Users\alexz\Coding\Fashionista\home\migrations\0009_product_belt.py first seen with mtime 1693361741.2134528
File C:\Users\alexz\anaconda3\Lib\site-packages\django\contrib\auth\migrations\0002_alter_permission_name_max_length.py first seen with mtime 1691988851.2038074
File C:\Users\alexz\anaconda3\Lib\site-packages\django\contrib\sessions\middleware.py first seen with mtime 1691988851.9929984
File C:\Users\alexz\anaconda3\Lib\site-packages\django\contrib\auth\migrations\0008_alter_user_username_max_length.py first seen with mtime 1691988851.2068093
File C:\Users\alexz\anaconda3\Lib\site-packages\chardet\jisfreq.py first seen with mtime 1642114107.0
File C:\Users\alexz\anaconda3\Lib\site-packages\chardet\big5freq.py first seen with mtime 1642114107.0
File C:\Users\alexz\anaconda3\Lib\site-packages\django\middleware\security.py first seen with mtime 1691988852.4273682
File C:\Users\alexz\anaconda3\Lib\site-packages\chardet\langgreekmodel.py first seen with mtime 1642114107.0
File C:\Users\alexz\anaconda3\Lib\site-packages\cffi\model.py first seen with mtime 1670423521.0
File C:\Users\alexz\anaconda3\Lib\site-packages\django\contrib\auth\migrations\0012_alter_user_first_name_max_length.py first seen with mtime 1691988851.208809
File C:\Users\alexz\anaconda3\Lib\site-packages\chardet\latin1prober.py first seen with mtime 1642114107.0
File C:\Users\alexz\anaconda3\Lib\site-packages\html5lib\_tokenizer.py first seen with mtime 1687441424.8564713
File C:\Users\alexz\anaconda3\Lib\site-packages\soupsieve\__init__.py first seen with mtime 1666296561.0
File C:\Users\alexz\Coding\Fashionista\home\migrations\0011_alter_product_primary_color_and_more.py first seen with mtime 1693513132.681118
File C:\Users\alexz\anaconda3\Lib\site-packages\html5lib\serializer.py first seen with mtime 1687441424.8609207
File C:\Users\alexz\anaconda3\Lib\site-packages\django\contrib\contenttypes\migrations\0001_initial.py first seen with mtime 1691988851.3233695
File C:\Users\alexz\anaconda3\Lib\xml\sax\xmlreader.py first seen with mtime 1670351481.0
File C:\Users\alexz\anaconda3\Lib\site-packages\PIL\ImageMode.py first seen with mtime 1672618652.0
File C:\Users\alexz\anaconda3\Lib\xml\parsers\expat.py first seen with mtime 1670351481.0
File C:\Users\alexz\Coding\Fashionista\home\migrations\0004_similaritem_image_alter_product_primary_color_and_more.py first seen with mtime 1693512024.8059292
File C:\Users\alexz\anaconda3\Lib\site-packages\django\contrib\auth\migrations\0009_alter_user_last_name_max_length.py first seen with mtime 1691988851.2078092
File C:\Users\alexz\Coding\Fashionista\home\migrations\0006_alter_similaritem_category.py first seen with mtime 1693266284.3691156
File C:\Users\alexz\anaconda3\Lib\site-packages\chardet\euckrprober.py first seen with mtime 1642114107.0
File C:\Users\alexz\anaconda3\DLLs\pyexpat.pyd first seen with mtime 1677694804.0
File C:\Users\alexz\anaconda3\Lib\site-packages\django\contrib\admin\migrations\0003_logentry_add_action_flag_choices.py first seen with mtime 1691988850.8091924
File C:\Users\alexz\anaconda3\Lib\site-packages\django\contrib\auth\migrations\__init__.py first seen with mtime 1691988851.208809
File C:\Users\alexz\anaconda3\Lib\site-packages\chardet\charsetgroupprober.py first seen with mtime 1642114107.0
File C:\Users\alexz\anaconda3\Lib\site-packages\chardet\langbulgarianmodel.py first seen with mtime 1642114107.0
File C:\Users\alexz\anaconda3\Lib\site-packages\django\contrib\contenttypes\migrations\0002_remove_content_type_name.py first seen with mtime 1691988851.32435
File C:\Users\alexz\anaconda3\Lib\site-packages\django\db\migrations\loader.py first seen with mtime 1691988852.338868
File C:\Users\alexz\anaconda3\Lib\site-packages\chardet\utf8prober.py first seen with mtime 1642114107.0
File C:\Users\alexz\anaconda3\Lib\site-packages\lxml\etree.cp310-win_amd64.pyd first seen with mtime 1657527632.0
File C:\Users\alexz\anaconda3\Lib\site-packages\chardet\enums.py first seen with mtime 1642114107.0
File C:\Users\alexz\anaconda3\Lib\site-packages\chardet\hebrewprober.py first seen with mtime 1642114107.0
File C:\Users\alexz\anaconda3\Lib\site-packages\html5lib\_utils.py first seen with mtime 1687441424.8574884
File C:\Users\alexz\Coding\Fashionista\home\migrations\0008_alter_product_formality_alter_similaritem_formality.py first seen with mtime 1693267333.270248
File C:\Users\alexz\anaconda3\Lib\site-packages\chardet\gb2312freq.py first seen with mtime 1642114107.0
File C:\Users\alexz\Coding\Fashionista\home\migrations\0002_alter_product_user.py first seen with mtime 1692923017.3430166
(0.000) SELECT "django_session"."session_key", "django_session"."session_data", "django_session"."expire_date" FROM "django_session" WHERE ("django_session"."expire_date" > '2023-09-03 04:14:07.958068' AND "django_session"."session_key" = 'iny6qw72m2ktavnopikhe6chjql3lpn8') LIMIT 21; args=('2023-09-03 04:14:07.958068', 'iny6qw72m2ktavnopikhe6chjql3lpn8'); alias=default
(0.000) SELECT "auth_user"."id", "auth_user"."password", "auth_user"."last_login", "auth_user"."is_superuser", "auth_user"."username", "auth_user"."first_name", "auth_user"."last_name", "auth_user"."email", "auth_user"."is_staff", "auth_user"."is_active", "auth_user"."date_joined" FROM "auth_user" WHERE "auth_user"."id" = 1 LIMIT 21; args=(1,); alias=default
"GET /inspiration/ HTTP/1.1" 200 2392
(0.000) SELECT "django_session"."session_key", "django_session"."session_data", "django_session"."expire_date" FROM "django_session" WHERE ("django_session"."expire_date" > '2023-09-03 04:14:08.191657' AND "django_session"."session_key" = 'iny6qw72m2ktavnopikhe6chjql3lpn8') LIMIT 21; args=('2023-09-03 04:14:08.191657', 'iny6qw72m2ktavnopikhe6chjql3lpn8'); alias=default
(0.000) SELECT "auth_user"."id", "auth_user"."password", "auth_user"."last_login", "auth_user"."is_superuser", "auth_user"."username", "auth_user"."first_name", "auth_user"."last_name", "auth_user"."email", "auth_user"."is_staff", "auth_user"."is_active", "auth_user"."date_joined" FROM "auth_user" WHERE "auth_user"."id" = 1 LIMIT 21; args=(1,); alias=default
"GET /inspiration/ HTTP/1.1" 200 2392
File C:\Users\alexz\anaconda3\Lib\site-packages\django\template\context_processors.py first seen with mtime 1691988852.4299011
File C:\Users\alexz\anaconda3\Lib\site-packages\django\contrib\messages\context_processors.py first seen with mtime 1691988851.747056
File C:\Users\alexz\anaconda3\Lib\site-packages\django\contrib\messages\storage\fallback.py first seen with mtime 1691988851.749056
File C:\Users\alexz\anaconda3\Lib\site-packages\django\contrib\messages\storage\session.py first seen with mtime 1691988851.749056
File C:\Users\alexz\anaconda3\Lib\site-packages\django\contrib\staticfiles\storage.py first seen with mtime 1691988852.2403195
File C:\Users\alexz\anaconda3\Lib\site-packages\django\contrib\auth\context_processors.py first seen with mtime 1691988851.0731885
File C:\Users\alexz\anaconda3\Lib\site-packages\django\contrib\messages\storage\cookie.py first seen with mtime 1691988851.749056
File C:\Users\alexz\anaconda3\Lib\site-packages\django\contrib\sessions\serializers.py first seen with mtime 1691988851.9939976
File C:\Users\alexz\Coding\Fashionista\fashionista\settings.py previous mtime: 1693714444.7785654, current mtime: 1693714459.6218128
C:\Users\alexz\Coding\Fashionista\fashionista\settings.py notified as changed. Signal results: [(<function template_changed at 0x0000028DF8FE1D80>, None), (<function translation_file_changed at 0x0000028DF989A560>, None)].
C:\Users\alexz\Coding\Fashionista\fashionista\settings.py changed, reloading.
